1741112507.006932 client started (1465636): version 3.5a, socket /tmp/tmux-1000/default, protocol 8
1741112507.006951 on Linux 6.13.5-arch1-1 #1 SMP PREEMPT_DYNAMIC Thu, 27 Feb 2025 18:09:44 +0000
1741112507.006954 using libevent 2.1.12-stable poll
1741112507.006956 using ncurses 6.5 20240427
1741112507.006969 flags are 0x10010000
1741112507.006978 socket is /tmp/tmux-1000/default
1741112507.006985 trying connect
1741112507.007026 add peer 0x5fd882064fe0: 6 ((nil))
1741112507.007221 sending message 111 to peer 0x5fd882064fe0 (8 bytes)
1741112507.007224 sending message 111 to peer 0x5fd882064fe0 (8 bytes)
1741112507.007225 sending message 101 to peer 0x5fd882064fe0 (14 bytes)
1741112507.007227 sending message 109 to peer 0x5fd882064fe0 (4 bytes)
1741112507.007229 sending message 102 to peer 0x5fd882064fe0 (11 bytes)
1741112507.007231 sending message 108 to peer 0x5fd882064fe0 (26 bytes)
1741112507.007232 sending message 112 to peer 0x5fd882064fe0 (70 bytes)
1741112507.007234 sending message 112 to peer 0x5fd882064fe0 (5 bytes)
1741112507.007236 sending message 112 to peer 0x5fd882064fe0 (5 bytes)
1741112507.007238 sending message 112 to peer 0x5fd882064fe0 (6 bytes)
1741112507.007239 sending message 112 to peer 0x5fd882064fe0 (6 bytes)
1741112507.007241 sending message 112 to peer 0x5fd882064fe0 (11 bytes)
1741112507.007243 sending message 112 to peer 0x5fd882064fe0 (10 bytes)
1741112507.007244 sending message 112 to peer 0x5fd882064fe0 (13 bytes)
1741112507.007246 sending message 112 to peer 0x5fd882064fe0 (13 bytes)
1741112507.007247 sending message 112 to peer 0x5fd882064fe0 (18 bytes)
1741112507.007249 sending message 112 to peer 0x5fd882064fe0 (11 bytes)
1741112507.007251 sending message 112 to peer 0x5fd882064fe0 (10 bytes)
1741112507.007270 sending message 112 to peer 0x5fd882064fe0 (15 bytes)
1741112507.007272 sending message 112 to peer 0x5fd882064fe0 (21 bytes)
1741112507.007274 sending message 112 to peer 0x5fd882064fe0 (13 bytes)
1741112507.007276 sending message 112 to peer 0x5fd882064fe0 (7 bytes)
1741112507.007277 sending message 112 to peer 0x5fd882064fe0 (13 bytes)
1741112507.007279 sending message 112 to peer 0x5fd882064fe0 (7 bytes)
1741112507.007281 sending message 112 to peer 0x5fd882064fe0 (13 bytes)
1741112507.007282 sending message 112 to peer 0x5fd882064fe0 (9 bytes)
1741112507.007298 sending message 112 to peer 0x5fd882064fe0 (21 bytes)
1741112507.007300 sending message 112 to peer 0x5fd882064fe0 (13 bytes)
1741112507.007301 sending message 112 to peer 0x5fd882064fe0 (8 bytes)
1741112507.007303 sending message 112 to peer 0x5fd882064fe0 (12 bytes)
1741112507.007318 sending message 112 to peer 0x5fd882064fe0 (13 bytes)
1741112507.007322 sending message 112 to peer 0x5fd882064fe0 (9 bytes)
1741112507.007324 sending message 112 to peer 0x5fd882064fe0 (9 bytes)
1741112507.007326 sending message 112 to peer 0x5fd882064fe0 (12 bytes)
1741112507.007327 sending message 112 to peer 0x5fd882064fe0 (8 bytes)
1741112507.007329 sending message 112 to peer 0x5fd882064fe0 (8 bytes)
1741112507.007331 sending message 112 to peer 0x5fd882064fe0 (7 bytes)
1741112507.007332 sending message 112 to peer 0x5fd882064fe0 (7 bytes)
1741112507.007334 sending message 112 to peer 0x5fd882064fe0 (9 bytes)
1741112507.007336 sending message 112 to peer 0x5fd882064fe0 (13 bytes)
1741112507.007337 sending message 112 to peer 0x5fd882064fe0 (6 bytes)
1741112507.007339 sending message 112 to peer 0x5fd882064fe0 (9 bytes)
1741112507.007341 sending message 112 to peer 0x5fd882064fe0 (15 bytes)
1741112507.007342 sending message 112 to peer 0x5fd882064fe0 (13 bytes)
1741112507.007344 sending message 112 to peer 0x5fd882064fe0 (12 bytes)
1741112507.007346 sending message 112 to peer 0x5fd882064fe0 (8 bytes)
1741112507.007347 sending message 112 to peer 0x5fd882064fe0 (14 bytes)
1741112507.007349 sending message 112 to peer 0x5fd882064fe0 (11 bytes)
1741112507.007351 sending message 112 to peer 0x5fd882064fe0 (9 bytes)
1741112507.007352 sending message 112 to peer 0x5fd882064fe0 (10 bytes)
1741112507.007354 sending message 112 to peer 0x5fd882064fe0 (10 bytes)
1741112507.007362 sending message 112 to peer 0x5fd882064fe0 (10 bytes)
1741112507.007364 sending message 112 to peer 0x5fd882064fe0 (10 bytes)
1741112507.007366 sending message 112 to peer 0x5fd882064fe0 (11 bytes)
1741112507.007367 sending message 112 to peer 0x5fd882064fe0 (12 bytes)
1741112507.007369 sending message 112 to peer 0x5fd882064fe0 (12 bytes)
1741112507.007371 sending message 112 to peer 0x5fd882064fe0 (12 bytes)
1741112507.007372 sending message 112 to peer 0x5fd882064fe0 (12 bytes)
1741112507.007374 sending message 112 to peer 0x5fd882064fe0 (12 bytes)
1741112507.007376 sending message 112 to peer 0x5fd882064fe0 (11 bytes)
1741112507.007377 sending message 112 to peer 0x5fd882064fe0 (11 bytes)
1741112507.007379 sending message 112 to peer 0x5fd882064fe0 (12 bytes)
1741112507.007381 sending message 112 to peer 0x5fd882064fe0 (12 bytes)
1741112507.007382 sending message 112 to peer 0x5fd882064fe0 (12 bytes)
1741112507.007384 sending message 112 to peer 0x5fd882064fe0 (12 bytes)
1741112507.007386 sending message 112 to peer 0x5fd882064fe0 (12 bytes)
1741112507.007387 sending message 112 to peer 0x5fd882064fe0 (10 bytes)
1741112507.007389 sending message 112 to peer 0x5fd882064fe0 (12 bytes)
1741112507.007391 sending message 112 to peer 0x5fd882064fe0 (13 bytes)
1741112507.007392 sending message 112 to peer 0x5fd882064fe0 (13 bytes)
1741112507.007394 sending message 112 to peer 0x5fd882064fe0 (13 bytes)
1741112507.007396 sending message 112 to peer 0x5fd882064fe0 (13 bytes)
1741112507.007397 sending message 112 to peer 0x5fd882064fe0 (13 bytes)
1741112507.007399 sending message 112 to peer 0x5fd882064fe0 (8 bytes)
1741112507.007401 sending message 112 to peer 0x5fd882064fe0 (11 bytes)
1741112507.007402 sending message 112 to peer 0x5fd882064fe0 (11 bytes)
1741112507.007404 sending message 112 to peer 0x5fd882064fe0 (11 bytes)
1741112507.007406 sending message 112 to peer 0x5fd882064fe0 (12 bytes)
1741112507.007408 sending message 112 to peer 0x5fd882064fe0 (12 bytes)
1741112507.007409 sending message 112 to peer 0x5fd882064fe0 (12 bytes)
1741112507.007411 sending message 112 to peer 0x5fd882064fe0 (12 bytes)
1741112507.007412 sending message 112 to peer 0x5fd882064fe0 (13 bytes)
1741112507.007414 sending message 112 to peer 0x5fd882064fe0 (13 bytes)
1741112507.007416 sending message 112 to peer 0x5fd882064fe0 (13 bytes)
1741112507.007417 sending message 112 to peer 0x5fd882064fe0 (8 bytes)
1741112507.007419 sending message 112 to peer 0x5fd882064fe0 (13 bytes)
1741112507.007421 sending message 112 to peer 0x5fd882064fe0 (13 bytes)
1741112507.007423 sending message 112 to peer 0x5fd882064fe0 (13 bytes)
1741112507.007424 sending message 112 to peer 0x5fd882064fe0 (13 bytes)
1741112507.007426 sending message 112 to peer 0x5fd882064fe0 (13 bytes)
1741112507.007428 sending message 112 to peer 0x5fd882064fe0 (12 bytes)
1741112507.007429 sending message 112 to peer 0x5fd882064fe0 (12 bytes)
1741112507.007431 sending message 112 to peer 0x5fd882064fe0 (12 bytes)
1741112507.007432 sending message 112 to peer 0x5fd882064fe0 (12 bytes)
1741112507.007434 sending message 112 to peer 0x5fd882064fe0 (13 bytes)
1741112507.007436 sending message 112 to peer 0x5fd882064fe0 (8 bytes)
1741112507.007438 sending message 112 to peer 0x5fd882064fe0 (13 bytes)
1741112507.007439 sending message 112 to peer 0x5fd882064fe0 (13 bytes)
1741112507.007441 sending message 112 to peer 0x5fd882064fe0 (13 bytes)
1741112507.007443 sending message 112 to peer 0x5fd882064fe0 (13 bytes)
1741112507.007444 sending message 112 to peer 0x5fd882064fe0 (13 bytes)
1741112507.007446 sending message 112 to peer 0x5fd882064fe0 (13 bytes)
1741112507.007447 sending message 112 to peer 0x5fd882064fe0 (13 bytes)
1741112507.007449 sending message 112 to peer 0x5fd882064fe0 (12 bytes)
1741112507.007451 sending message 112 to peer 0x5fd882064fe0 (12 bytes)
1741112507.007452 sending message 112 to peer 0x5fd882064fe0 (12 bytes)
1741112507.007454 sending message 112 to peer 0x5fd882064fe0 (8 bytes)
1741112507.007456 sending message 112 to peer 0x5fd882064fe0 (12 bytes)
1741112507.007460 sending message 112 to peer 0x5fd882064fe0 (13 bytes)
1741112507.007462 sending message 112 to peer 0x5fd882064fe0 (13 bytes)
1741112507.007464 sending message 112 to peer 0x5fd882064fe0 (13 bytes)
1741112507.007465 sending message 112 to peer 0x5fd882064fe0 (13 bytes)
1741112507.007467 sending message 112 to peer 0x5fd882064fe0 (13 bytes)
1741112507.007469 sending message 112 to peer 0x5fd882064fe0 (13 bytes)
1741112507.007470 sending message 112 to peer 0x5fd882064fe0 (13 bytes)
1741112507.007472 sending message 112 to peer 0x5fd882064fe0 (13 bytes)
1741112507.007474 sending message 112 to peer 0x5fd882064fe0 (12 bytes)
1741112507.007475 sending message 112 to peer 0x5fd882064fe0 (10 bytes)
1741112507.007477 sending message 112 to peer 0x5fd882064fe0 (12 bytes)
1741112507.007479 sending message 112 to peer 0x5fd882064fe0 (12 bytes)
1741112507.007480 sending message 112 to peer 0x5fd882064fe0 (12 bytes)
1741112507.007482 sending message 112 to peer 0x5fd882064fe0 (13 bytes)
1741112507.007484 sending message 112 to peer 0x5fd882064fe0 (13 bytes)
1741112507.007485 sending message 112 to peer 0x5fd882064fe0 (13 bytes)
1741112507.007487 sending message 112 to peer 0x5fd882064fe0 (13 bytes)
1741112507.007489 sending message 112 to peer 0x5fd882064fe0 (13 bytes)
1741112507.007490 sending message 112 to peer 0x5fd882064fe0 (13 bytes)
1741112507.007492 sending message 112 to peer 0x5fd882064fe0 (13 bytes)
1741112507.007494 sending message 112 to peer 0x5fd882064fe0 (10 bytes)
1741112507.007495 sending message 112 to peer 0x5fd882064fe0 (13 bytes)
1741112507.007497 sending message 112 to peer 0x5fd882064fe0 (12 bytes)
1741112507.007499 sending message 112 to peer 0x5fd882064fe0 (12 bytes)
1741112507.007500 sending message 112 to peer 0x5fd882064fe0 (12 bytes)
1741112507.007502 sending message 112 to peer 0x5fd882064fe0 (10 bytes)
1741112507.007504 sending message 112 to peer 0x5fd882064fe0 (10 bytes)
1741112507.007505 sending message 112 to peer 0x5fd882064fe0 (10 bytes)
1741112507.007507 sending message 112 to peer 0x5fd882064fe0 (12 bytes)
1741112507.007509 sending message 112 to peer 0x5fd882064fe0 (13 bytes)
1741112507.007510 sending message 112 to peer 0x5fd882064fe0 (13 bytes)
1741112507.007512 sending message 112 to peer 0x5fd882064fe0 (13 bytes)
1741112507.007514 sending message 112 to peer 0x5fd882064fe0 (13 bytes)
1741112507.007515 sending message 112 to peer 0x5fd882064fe0 (13 bytes)
1741112507.007517 sending message 112 to peer 0x5fd882064fe0 (11 bytes)
1741112507.007519 sending message 112 to peer 0x5fd882064fe0 (11 bytes)
1741112507.007520 sending message 112 to peer 0x5fd882064fe0 (12 bytes)
1741112507.007522 sending message 112 to peer 0x5fd882064fe0 (12 bytes)
1741112507.007524 sending message 112 to peer 0x5fd882064fe0 (12 bytes)
1741112507.007525 sending message 112 to peer 0x5fd882064fe0 (12 bytes)
1741112507.007527 sending message 112 to peer 0x5fd882064fe0 (12 bytes)
1741112507.007529 sending message 112 to peer 0x5fd882064fe0 (11 bytes)
1741112507.007530 sending message 112 to peer 0x5fd882064fe0 (12 bytes)
1741112507.007532 sending message 112 to peer 0x5fd882064fe0 (12 bytes)
1741112507.007534 sending message 112 to peer 0x5fd882064fe0 (13 bytes)
1741112507.007535 sending message 112 to peer 0x5fd882064fe0 (13 bytes)
1741112507.007537 sending message 112 to peer 0x5fd882064fe0 (13 bytes)
1741112507.007539 sending message 112 to peer 0x5fd882064fe0 (13 bytes)
1741112507.007540 sending message 112 to peer 0x5fd882064fe0 (13 bytes)
1741112507.007542 sending message 112 to peer 0x5fd882064fe0 (10 bytes)
1741112507.007544 sending message 112 to peer 0x5fd882064fe0 (9 bytes)
1741112507.007545 sending message 112 to peer 0x5fd882064fe0 (12 bytes)
1741112507.007547 sending message 112 to peer 0x5fd882064fe0 (13 bytes)
1741112507.007549 sending message 112 to peer 0x5fd882064fe0 (13 bytes)
1741112507.007550 sending message 112 to peer 0x5fd882064fe0 (13 bytes)
1741112507.007552 sending message 112 to peer 0x5fd882064fe0 (13 bytes)
1741112507.007554 sending message 112 to peer 0x5fd882064fe0 (13 bytes)
1741112507.007558 sending message 112 to peer 0x5fd882064fe0 (9 bytes)
1741112507.007559 sending message 112 to peer 0x5fd882064fe0 (12 bytes)
1741112507.007561 sending message 112 to peer 0x5fd882064fe0 (13 bytes)
1741112507.007563 sending message 112 to peer 0x5fd882064fe0 (13 bytes)
1741112507.007564 sending message 112 to peer 0x5fd882064fe0 (13 bytes)
1741112507.007566 sending message 112 to peer 0x5fd882064fe0 (13 bytes)
1741112507.007568 sending message 112 to peer 0x5fd882064fe0 (13 bytes)
1741112507.007569 sending message 112 to peer 0x5fd882064fe0 (11 bytes)
1741112507.007571 sending message 112 to peer 0x5fd882064fe0 (12 bytes)
1741112507.007573 sending message 112 to peer 0x5fd882064fe0 (13 bytes)
1741112507.007574 sending message 112 to peer 0x5fd882064fe0 (13 bytes)
1741112507.007576 sending message 112 to peer 0x5fd882064fe0 (13 bytes)
1741112507.007578 sending message 112 to peer 0x5fd882064fe0 (13 bytes)
1741112507.007579 sending message 112 to peer 0x5fd882064fe0 (13 bytes)
1741112507.007581 sending message 112 to peer 0x5fd882064fe0 (11 bytes)
1741112507.007583 sending message 112 to peer 0x5fd882064fe0 (12 bytes)
1741112507.007584 sending message 112 to peer 0x5fd882064fe0 (12 bytes)
1741112507.007586 sending message 112 to peer 0x5fd882064fe0 (12 bytes)
1741112507.007588 sending message 112 to peer 0x5fd882064fe0 (12 bytes)
1741112507.007589 sending message 112 to peer 0x5fd882064fe0 (12 bytes)
1741112507.007591 sending message 112 to peer 0x5fd882064fe0 (21 bytes)
1741112507.007593 sending message 112 to peer 0x5fd882064fe0 (12 bytes)
1741112507.007595 sending message 112 to peer 0x5fd882064fe0 (9 bytes)
1741112507.007596 sending message 112 to peer 0x5fd882064fe0 (6 bytes)
1741112507.007598 sending message 112 to peer 0x5fd882064fe0 (13 bytes)
1741112507.007600 sending message 112 to peer 0x5fd882064fe0 (8 bytes)
1741112507.007601 sending message 112 to peer 0x5fd882064fe0 (15 bytes)
1741112507.007603 sending message 112 to peer 0x5fd882064fe0 (13 bytes)
1741112507.007605 sending message 112 to peer 0x5fd882064fe0 (9 bytes)
1741112507.007607 sending message 112 to peer 0x5fd882064fe0 (70 bytes)
1741112507.007608 sending message 112 to peer 0x5fd882064fe0 (69 bytes)
1741112507.007610 sending message 112 to peer 0x5fd882064fe0 (10 bytes)
1741112507.007612 sending message 112 to peer 0x5fd882064fe0 (10 bytes)
1741112507.007614 sending message 112 to peer 0x5fd882064fe0 (8 bytes)
1741112507.007615 sending message 112 to peer 0x5fd882064fe0 (15 bytes)
1741112507.007617 sending message 112 to peer 0x5fd882064fe0 (13 bytes)
1741112507.007619 sending message 112 to peer 0x5fd882064fe0 (10 bytes)
1741112507.007621 sending message 112 to peer 0x5fd882064fe0 (10 bytes)
1741112507.007622 sending message 112 to peer 0x5fd882064fe0 (17 bytes)
1741112507.007624 sending message 112 to peer 0x5fd882064fe0 (10 bytes)
1741112507.007626 sending message 112 to peer 0x5fd882064fe0 (13 bytes)
1741112507.007627 sending message 112 to peer 0x5fd882064fe0 (9 bytes)
1741112507.007629 sending message 112 to peer 0x5fd882064fe0 (5 bytes)
1741112507.007631 sending message 112 to peer 0x5fd882064fe0 (15 bytes)
1741112507.007633 sending message 104 to peer 0x5fd882064fe0 (0 bytes)
1741112507.007635 sending message 110 to peer 0x5fd882064fe0 (0 bytes)
1741112507.007637 sending message 107 to peer 0x5fd882064fe0 (4 bytes)
1741112507.007639 sending message 105 to peer 0x5fd882064fe0 (41 bytes)
1741112507.007641 sending message 105 to peer 0x5fd882064fe0 (58 bytes)
1741112507.007643 sending message 105 to peer 0x5fd882064fe0 (29 bytes)
1741112507.007644 sending message 105 to peer 0x5fd882064fe0 (29 bytes)
1741112507.007646 sending message 105 to peer 0x5fd882064fe0 (20 bytes)
1741112507.007648 sending message 105 to peer 0x5fd882064fe0 (20 bytes)
1741112507.007650 sending message 105 to peer 0x5fd882064fe0 (54 bytes)
1741112507.007651 sending message 105 to peer 0x5fd882064fe0 (50 bytes)
1741112507.007653 sending message 105 to peer 0x5fd882064fe0 (19 bytes)
1741112507.007655 sending message 105 to peer 0x5fd882064fe0 (11 bytes)
1741112507.007659 sending message 105 to peer 0x5fd882064fe0 (12 bytes)
1741112507.007661 sending message 105 to peer 0x5fd882064fe0 (14 bytes)
1741112507.007662 sending message 105 to peer 0x5fd882064fe0 (23 bytes)
1741112507.007664 sending message 105 to peer 0x5fd882064fe0 (38 bytes)
1741112507.007666 sending message 105 to peer 0x5fd882064fe0 (59 bytes)
1741112507.007667 sending message 105 to peer 0x5fd882064fe0 (30 bytes)
1741112507.007669 sending message 105 to peer 0x5fd882064fe0 (32 bytes)
1741112507.007671 sending message 105 to peer 0x5fd882064fe0 (18 bytes)
1741112507.007672 sending message 105 to peer 0x5fd882064fe0 (41 bytes)
1741112507.007674 sending message 105 to peer 0x5fd882064fe0 (55 bytes)
1741112507.007676 sending message 105 to peer 0x5fd882064fe0 (60 bytes)
1741112507.007678 sending message 105 to peer 0x5fd882064fe0 (17 bytes)
1741112507.007680 sending message 105 to peer 0x5fd882064fe0 (23 bytes)
1741112507.007681 sending message 105 to peer 0x5fd882064fe0 (30 bytes)
1741112507.007683 sending message 105 to peer 0x5fd882064fe0 (27 bytes)
1741112507.007685 sending message 105 to peer 0x5fd882064fe0 (24 bytes)
1741112507.007686 sending message 105 to peer 0x5fd882064fe0 (20 bytes)
1741112507.007688 sending message 105 to peer 0x5fd882064fe0 (23 bytes)
1741112507.007690 sending message 105 to peer 0x5fd882064fe0 (21 bytes)
1741112507.007692 sending message 105 to peer 0x5fd882064fe0 (25 bytes)
1741112507.007693 sending message 105 to peer 0x5fd882064fe0 (20 bytes)
1741112507.007695 sending message 105 to peer 0x5fd882064fe0 (8 bytes)
1741112507.007697 sending message 105 to peer 0x5fd882064fe0 (34 bytes)
1741112507.007699 sending message 105 to peer 0x5fd882064fe0 (15 bytes)
1741112507.007700 sending message 105 to peer 0x5fd882064fe0 (32 bytes)
1741112507.007702 sending message 105 to peer 0x5fd882064fe0 (1905 bytes)
1741112507.007711 sending message 105 to peer 0x5fd882064fe0 (28 bytes)
1741112507.007713 sending message 105 to peer 0x5fd882064fe0 (15 bytes)
1741112507.007714 sending message 105 to peer 0x5fd882064fe0 (27 bytes)
1741112507.007716 sending message 105 to peer 0x5fd882064fe0 (33 bytes)
1741112507.007718 sending message 105 to peer 0x5fd882064fe0 (39 bytes)
1741112507.007719 sending message 105 to peer 0x5fd882064fe0 (10 bytes)
1741112507.007721 sending message 105 to peer 0x5fd882064fe0 (12 bytes)
1741112507.007723 sending message 105 to peer 0x5fd882064fe0 (11 bytes)
1741112507.007725 sending message 105 to peer 0x5fd882064fe0 (725 bytes)
1741112507.007726 sending message 105 to peer 0x5fd882064fe0 (30 bytes)
1741112507.007728 sending message 105 to peer 0x5fd882064fe0 (27 bytes)
1741112507.007730 sending message 105 to peer 0x5fd882064fe0 (46 bytes)
1741112507.007732 sending message 105 to peer 0x5fd882064fe0 (54 bytes)
1741112507.007733 sending message 105 to peer 0x5fd882064fe0 (32 bytes)
1741112507.007735 sending message 105 to peer 0x5fd882064fe0 (25 bytes)
1741112507.007737 sending message 105 to peer 0x5fd882064fe0 (19 bytes)
1741112507.007738 sending message 105 to peer 0x5fd882064fe0 (8 bytes)
1741112507.007740 sending message 105 to peer 0x5fd882064fe0 (19 bytes)
1741112507.007742 sending message 105 to peer 0x5fd882064fe0 (18 bytes)
1741112507.007744 sending message 105 to peer 0x5fd882064fe0 (26 bytes)
1741112507.007745 sending message 105 to peer 0x5fd882064fe0 (38 bytes)
1741112507.007747 sending message 105 to peer 0x5fd882064fe0 (13 bytes)
1741112507.007749 sending message 105 to peer 0x5fd882064fe0 (12 bytes)
1741112507.007750 sending message 105 to peer 0x5fd882064fe0 (18 bytes)
1741112507.007752 sending message 105 to peer 0x5fd882064fe0 (27 bytes)
1741112507.007754 sending message 105 to peer 0x5fd882064fe0 (36 bytes)
1741112507.007756 sending message 105 to peer 0x5fd882064fe0 (23 bytes)
1741112507.007757 sending message 105 to peer 0x5fd882064fe0 (121 bytes)
1741112507.007759 sending message 105 to peer 0x5fd882064fe0 (50 bytes)
1741112507.007761 sending message 105 to peer 0x5fd882064fe0 (31 bytes)
1741112507.007762 sending message 105 to peer 0x5fd882064fe0 (15 bytes)
1741112507.007766 sending message 105 to peer 0x5fd882064fe0 (52 bytes)
1741112507.007768 sending message 105 to peer 0x5fd882064fe0 (23 bytes)
1741112507.007770 sending message 105 to peer 0x5fd882064fe0 (23 bytes)
1741112507.007772 sending message 105 to peer 0x5fd882064fe0 (17 bytes)
1741112507.007773 sending message 105 to peer 0x5fd882064fe0 (58 bytes)
1741112507.007775 sending message 105 to peer 0x5fd882064fe0 (21 bytes)
1741112507.007777 sending message 105 to peer 0x5fd882064fe0 (11 bytes)
1741112507.007778 sending message 105 to peer 0x5fd882064fe0 (28 bytes)
1741112507.007780 sending message 105 to peer 0x5fd882064fe0 (16 bytes)
1741112507.007782 sending message 105 to peer 0x5fd882064fe0 (24 bytes)
1741112507.007783 sending message 105 to peer 0x5fd882064fe0 (20 bytes)
1741112507.007785 sending message 106 to peer 0x5fd882064fe0 (0 bytes)
1741112507.007818 sending message 200 to peer 0x5fd882064fe0 (4 bytes)
1741112507.007820 client loop enter
1741112507.008053 peer 0x5fd882064fe0 message 303
1741112507.008059 open write file 2 -
1741112507.008063 sending message 305 to peer 0x5fd882064fe0 (8 bytes)
1741112507.008071 write check file 2
1741112507.008132 peer 0x5fd882064fe0 message 304
1741112507.008134 write 58 to file 2
1741112507.008137 peer 0x5fd882064fe0 message 203
1741112507.008138 file 2 58 bytes left
1741112507.008147 write check file 2
1741112507.008149 client loop exit
